<html>
<head>
<title>TestNG:  First</title>
<link href="../testng.css" rel="stylesheet" type="text/css" />
<link href="../my-testng.css" rel="stylesheet" type="text/css" />

<style type="text/css">
.log { display: none;} 
.stack-trace { display: none;} 
</style>
<script type="text/javascript">
<!--
function flip(e) {
  current = e.style.display;
  if (current == 'block') {
    e.style.display = 'none';
    return 0;
  }
  else {
    e.style.display = 'block';
    return 1;
  }
}

function toggleBox(szDivId, elem, msg1, msg2)
{
  var res = -1;  if (document.getElementById) {
    res = flip(document.getElementById(szDivId));
  }
  else if (document.all) {
    // this is the way old msie versions work
    res = flip(document.all[szDivId]);
  }
  if(elem) {
    if(res == 0) elem.innerHTML = msg1; else elem.innerHTML = msg2;
  }

}

function toggleAllBoxes() {
  if (document.getElementsByTagName) {
    d = document.getElementsByTagName('div');
    for (i = 0; i < d.length; i++) {
      if (d[i].className == 'log') {
        flip(d[i]);
      }
    }
  }
}

// -->
</script>

</head>
<body>
<h2 align='center'>First</h2><table border='1' align="center">
<tr>
<td>Tests passed/Failed/Skipped:</td><td>11/1/0</td>
</tr><tr>
<td>Started on:</td><td>Wed Jul 12 13:17:14 IST 2017</td>
</tr>
<tr><td>Total time:</td><td>308 seconds (308189 ms)</td>
</tr><tr>
<td>Included groups:</td><td></td>
</tr><tr>
<td>Excluded groups:</td><td></td>
</tr>
</table><p/>
<small><i>(Hover the method name to see the test class name)</i></small><p/>
<table width='100%' border='1' class='invocation-failed'>
<tr><td colspan='4' align='center'><b>FAILED TESTS</b></td></tr>
<tr><td><b>Test method</b></td>
<td width="30%"><b>Exception</b></td>
<td width="10%"><b>Time (seconds)</b></td>
<td><b>Instance</b></td>
</tr>
<tr>
<td title='SpiderG.PurchaseOrder_Test.POTabClick()'><b>POTabClick</b><br>Test class: SpiderG.PurchaseOrder_Test</td>
<td><div><pre>org.openqa.selenium.NoSuchElementException: An element could not be located on the page using the given search parameters. (WARNING: The server did not provide any stacktrace information)
Command duration or timeout: 60.45 seconds
For documentation on this error, please visit: http://seleniumhq.org/exceptions/no_such_element.html
Build info: version: &apos;unknown&apos;, revision: &apos;unknown&apos;, time: &apos;unknown&apos;
System info: host: &apos;LAPTOP-0MFL2V6R&apos;, ip: &apos;192.168.1.78&apos;, os.name: &apos;Windows 10&apos;, os.arch: &apos;amd64&apos;, os.version: &apos;10.0&apos;, java.version: &apos;1.8.0_131&apos;
Driver info: io.appium.java_client.android.AndroidDriver
Capabilities [{app=C:\Users\rashm\Desktop\version_41.apk, appPackage=com.gladiris.spiderg.android, networkConnectionEnabled=true, warnings={}, app-activity=com.gladiris.spiderg.android.SpiderGIntroActivity, databaseEnabled=false, deviceName=3a213a5, platform=LINUX, desired={app=C:\Users\rashm\Desktop\version_41.apk, appPackage=com.gladiris.spiderg.android, BROWSER_NAME=Android, platformVersion=4.3, app-activity=com.gladiris.spiderg.android.SpiderGIntroActivity, platformName=Android, deviceName=}, platformVersion=4.4.4, BROWSER_NAME=Android, webStorageEnabled=false, locationContextEnabled=false, browserName=Android, takesScreenshot=true, javascriptEnabled=true, platformName=Android}]
Session ID: 2921e459-c5fe-482b-bc1f-952c7c9f7326
*** Element info: {Using=xpath, value=//android.widget.ImageButton[@bounds=&apos;[588,1044][720,1184]&apos;]}
	at org.openqa.selenium.remote.ErrorHandler.createThrowable(ErrorHandler.java:215)
	at org.openqa.selenium.remote.ErrorHandler.throwIfResponseFailed(ErrorHandler.java:167)
	at org.openqa.selenium.remote.RemoteWebDriver.execute(RemoteWebDriver.java:671)
	at io.appium.java_client.DefaultGenericMobileDriver.execute(DefaultGenericMobileDriver.java:42)
	at io.appium.java_client.AppiumDriver.execute(AppiumDriver.java:1)
	at io.appium.java_client.android.AndroidDriver.execute(AndroidDriver.java:1)
	at org.openqa.selenium.remote.RemoteWebDriver.findElement(RemoteWebDriver.java:410)
	at io.appium.java_client.DefaultGenericMobileDriver.findElement(DefaultGenericMobileDriver.java:62)
	at io.appium.java_client.AppiumDriver.findElement(AppiumDriver.java:1)
	at io.appium.java_client.android.AndroidDriver.findElement(AndroidDriver.java:1)
	at org.openqa.selenium.remote.RemoteWebDriver.findElementByXPath(RemoteWebDriver.java:509)
	at io.appium.java_client.DefaultGenericMobileDriver.findElementByXPath(DefaultGenericMobileDriver.java:140)
	at io.appium.java_client.AppiumDriver.findElementByXPath(AppiumDriver.java:1)
	at io.appium.java_client.android.AndroidDriver.findElementByXPath(AndroidDriver.java:1)
	at org.openqa.selenium.By$ByXPath.findElement(By.java:361)
	at org.openqa.selenium.remote.RemoteWebDriver.findElement(RemoteWebDriver.java:402)
	at io.appium.java_client.DefaultGenericMobileDriver.findElement(DefaultGenericMobileDriver.java:58)
	at io.appium.java_client.AppiumDriver.findElement(AppiumDriver.java:1)
	at io.appium.java_client.android.AndroidDriver.findElement(AndroidDriver.java:1)
	at SpiderG.PurchaseOrder_Test.POTabClick(PurchaseOrder_Test.java:61)
... Removed 29 stack frames</pre></div><a href='#' onClick='toggleBox("stack-trace1110698130", this, "Click to show all stack frames", "Click to hide stack frames")'>Click to show all stack frames</a>
<div class='stack-trace' id='stack-trace1110698130'><pre>org.openqa.selenium.NoSuchElementException: An element could not be located on the page using the given search parameters. (WARNING: The server did not provide any stacktrace information)
Command duration or timeout: 60.45 seconds
For documentation on this error, please visit: http://seleniumhq.org/exceptions/no_such_element.html
Build info: version: &apos;unknown&apos;, revision: &apos;unknown&apos;, time: &apos;unknown&apos;
System info: host: &apos;LAPTOP-0MFL2V6R&apos;, ip: &apos;192.168.1.78&apos;, os.name: &apos;Windows 10&apos;, os.arch: &apos;amd64&apos;, os.version: &apos;10.0&apos;, java.version: &apos;1.8.0_131&apos;
Driver info: io.appium.java_client.android.AndroidDriver
Capabilities [{app=C:\Users\rashm\Desktop\version_41.apk, appPackage=com.gladiris.spiderg.android, networkConnectionEnabled=true, warnings={}, app-activity=com.gladiris.spiderg.android.SpiderGIntroActivity, databaseEnabled=false, deviceName=3a213a5, platform=LINUX, desired={app=C:\Users\rashm\Desktop\version_41.apk, appPackage=com.gladiris.spiderg.android, BROWSER_NAME=Android, platformVersion=4.3, app-activity=com.gladiris.spiderg.android.SpiderGIntroActivity, platformName=Android, deviceName=}, platformVersion=4.4.4, BROWSER_NAME=Android, webStorageEnabled=false, locationContextEnabled=false, browserName=Android, takesScreenshot=true, javascriptEnabled=true, platformName=Android}]
Session ID: 2921e459-c5fe-482b-bc1f-952c7c9f7326
*** Element info: {Using=xpath, value=//android.widget.ImageButton[@bounds=&apos;[588,1044][720,1184]&apos;]}
	at sun.reflect.NativeConstructorAccessorImpl.newInstance0(Native Method)
	at sun.reflect.NativeConstructorAccessorImpl.newInstance(Unknown Source)
	at sun.reflect.DelegatingConstructorAccessorImpl.newInstance(Unknown Source)
	at java.lang.reflect.Constructor.newInstance(Unknown Source)
	at org.openqa.selenium.remote.ErrorHandler.createThrowable(ErrorHandler.java:215)
	at org.openqa.selenium.remote.ErrorHandler.throwIfResponseFailed(ErrorHandler.java:167)
	at org.openqa.selenium.remote.RemoteWebDriver.execute(RemoteWebDriver.java:671)
	at io.appium.java_client.DefaultGenericMobileDriver.execute(DefaultGenericMobileDriver.java:42)
	at io.appium.java_client.AppiumDriver.execute(AppiumDriver.java:1)
	at io.appium.java_client.android.AndroidDriver.execute(AndroidDriver.java:1)
	at org.openqa.selenium.remote.RemoteWebDriver.findElement(RemoteWebDriver.java:410)
	at io.appium.java_client.DefaultGenericMobileDriver.findElement(DefaultGenericMobileDriver.java:62)
	at io.appium.java_client.AppiumDriver.findElement(AppiumDriver.java:1)
	at io.appium.java_client.android.AndroidDriver.findElement(AndroidDriver.java:1)
	at org.openqa.selenium.remote.RemoteWebDriver.findElementByXPath(RemoteWebDriver.java:509)
	at io.appium.java_client.DefaultGenericMobileDriver.findElementByXPath(DefaultGenericMobileDriver.java:140)
	at io.appium.java_client.AppiumDriver.findElementByXPath(AppiumDriver.java:1)
	at io.appium.java_client.android.AndroidDriver.findElementByXPath(AndroidDriver.java:1)
	at org.openqa.selenium.By$ByXPath.findElement(By.java:361)
	at org.openqa.selenium.remote.RemoteWebDriver.findElement(RemoteWebDriver.java:402)
	at io.appium.java_client.DefaultGenericMobileDriver.findElement(DefaultGenericMobileDriver.java:58)
	at io.appium.java_client.AppiumDriver.findElement(AppiumDriver.java:1)
	at io.appium.java_client.android.AndroidDriver.findElement(AndroidDriver.java:1)
	at SpiderG.PurchaseOrder_Test.POTabClick(PurchaseOrder_Test.java:61)
	at sun.reflect.NativeMethodAccessorImpl.invoke0(Native Method)
	at sun.reflect.NativeMethodAccessorImpl.invoke(Unknown Source)
	at sun.reflect.DelegatingMethodAccessorImpl.invoke(Unknown Source)
	at java.lang.reflect.Method.invoke(Unknown Source)
	at org.testng.internal.MethodInvocationHelper.invokeMethod(MethodInvocationHelper.java:108)
	at org.testng.internal.Invoker.invokeMethod(Invoker.java:661)
	at org.testng.internal.Invoker.invokeTestMethod(Invoker.java:869)
	at org.testng.internal.Invoker.invokeTestMethods(Invoker.java:1193)
	at org.testng.internal.TestMethodWorker.invokeTestMethods(TestMethodWorker.java:126)
	at org.testng.internal.TestMethodWorker.run(TestMethodWorker.java:109)
	at org.testng.TestRunner.privateRun(TestRunner.java:744)
	at org.testng.TestRunner.run(TestRunner.java:602)
	at org.testng.SuiteRunner.runTest(SuiteRunner.java:380)
	at org.testng.SuiteRunner.runSequentially(SuiteRunner.java:375)
	at org.testng.SuiteRunner.privateRun(SuiteRunner.java:340)
	at org.testng.SuiteRunner.run(SuiteRunner.java:289)
	at org.testng.SuiteRunnerWorker.runSuite(SuiteRunnerWorker.java:52)
	at org.testng.SuiteRunnerWorker.run(SuiteRunnerWorker.java:86)
	at org.testng.TestNG.runSuitesSequentially(TestNG.java:1301)
	at org.testng.TestNG.runSuitesLocally(TestNG.java:1226)
	at org.testng.TestNG.runSuites(TestNG.java:1144)
	at org.testng.TestNG.run(TestNG.java:1115)
	at org.testng.remote.AbstractRemoteTestNG.run(AbstractRemoteTestNG.java:132)
	at org.testng.remote.RemoteTestNG.initAndRun(RemoteTestNG.java:230)
	at org.testng.remote.RemoteTestNG.main(RemoteTestNG.java:76)
</pre></div></td>
<td>61</td>
<td>SpiderG.PurchaseOrder_Test@13deb50e</td></tr>
</table><p>
<table width='100%' border='1' class='invocation-passed'>
<tr><td colspan='4' align='center'><b>PASSED TESTS</b></td></tr>
<tr><td><b>Test method</b></td>
<td width="30%"><b>Exception</b></td>
<td width="10%"><b>Time (seconds)</b></td>
<td><b>Instance</b></td>
</tr>
<tr>
<td title='SpiderG.SalesInvoice_Test.AddItems()'><b>AddItems</b><br>Test class: SpiderG.SalesInvoice_Test</td>
<td></td>
<td>35</td>
<td>SpiderG.SalesInvoice_Test@f6c48ac</td></tr>
<tr>
<td title='SpiderG.SalesInvoice_Test.AdvancePayment()'><b>AdvancePayment</b><br>Test class: SpiderG.SalesInvoice_Test</td>
<td></td>
<td>12</td>
<td>SpiderG.SalesInvoice_Test@f6c48ac</td></tr>
<tr>
<td title='SpiderG.SalesInvoice_Test.ExportInvoice()'><b>ExportInvoice</b><br>Test class: SpiderG.SalesInvoice_Test</td>
<td></td>
<td>2</td>
<td>SpiderG.SalesInvoice_Test@f6c48ac</td></tr>
<tr>
<td title='SpiderG.Login_Test.Login()'><b>Login</b><br>Test class: SpiderG.Login_Test<br>Parameters: testapi@test.com, Abcde@12345</td>
<td></td>
<td>21</td>
<td>SpiderG.Login_Test@464bee09</td></tr>
<tr>
<td title='SpiderG.SalesInvoice_Test.OpenSavedInvoiceFromDraft()'><b>OpenSavedInvoiceFromDraft</b><br>Test class: SpiderG.SalesInvoice_Test</td>
<td></td>
<td>2</td>
<td>SpiderG.SalesInvoice_Test@f6c48ac</td></tr>
<tr>
<td title='SpiderG.PurchaseOrder_Test.PurchaseOrder()'><b>PurchaseOrder</b><br>Test class: SpiderG.PurchaseOrder_Test</td>
<td></td>
<td>7</td>
<td>SpiderG.PurchaseOrder_Test@13deb50e</td></tr>
<tr>
<td title='SpiderG.SalesInvoice_Test.SalesAndPurchase()'><b>SalesAndPurchase</b><br>Test class: SpiderG.SalesInvoice_Test</td>
<td></td>
<td>104</td>
<td>SpiderG.SalesInvoice_Test@f6c48ac</td></tr>
<tr>
<td title='SpiderG.SalesInvoice_Test.SendInvoice()'><b>SendInvoice</b><br>Test class: SpiderG.SalesInvoice_Test</td>
<td></td>
<td>1</td>
<td>SpiderG.SalesInvoice_Test@f6c48ac</td></tr>
<tr>
<td title='SpiderG.SalesInvoice_Test.TermsAndConditions()'><b>TermsAndConditions</b><br>Test class: SpiderG.SalesInvoice_Test</td>
<td></td>
<td>30</td>
<td>SpiderG.SalesInvoice_Test@f6c48ac</td></tr>
<tr>
<td title='SpiderG.SalesInvoice_Test.saveInvoice()'><b>saveInvoice</b><br>Test class: SpiderG.SalesInvoice_Test</td>
<td></td>
<td>11</td>
<td>SpiderG.SalesInvoice_Test@f6c48ac</td></tr>
<tr>
<td title='SpiderG.Walkthrough_Test.walkthrough()'><b>walkthrough</b><br>Test class: SpiderG.Walkthrough_Test</td>
<td></td>
<td>15</td>
<td>SpiderG.Walkthrough_Test@6eebc39e</td></tr>
</table><p>
</body>
</html>