<?xml version="1.0" encoding="UTF-8"?>
<!-- Generated by org.testng.reporters.JUnitXMLReporter -->
<testsuite hostname="LAPTOP-0MFL2V6R" ignored="6" name="First" tests="12" failures="1" timestamp="12 Jul 2017 07:52:22 GMT" time="308.189" errors="0">
  <testcase name="walkthrough" time="15.038" classname="SpiderG.Walkthrough_Test"/>
  <testcase name="Login" time="21.694" classname="SpiderG.Login_Test"/>
  <testcase name="SalesAndPurchase" time="104.512" classname="SpiderG.SalesInvoice_Test"/>
  <testcase name="AddItems" time="35.678" classname="SpiderG.SalesInvoice_Test"/>
  <testcase name="AdvancePayment" time="12.497" classname="SpiderG.SalesInvoice_Test"/>
  <testcase name="TermsAndConditions" time="30.453" classname="SpiderG.SalesInvoice_Test"/>
  <testcase name="saveInvoice" time="11.138" classname="SpiderG.SalesInvoice_Test"/>
  <testcase name="OpenSavedInvoiceFromDraft" time="2.791" classname="SpiderG.SalesInvoice_Test"/>
  <testcase name="SendInvoice" time="1.148" classname="SpiderG.SalesInvoice_Test"/>
  <testcase name="ExportInvoice" time="2.745" classname="SpiderG.SalesInvoice_Test"/>
  <testcase name="PurchaseOrder" time="7.527" classname="SpiderG.PurchaseOrder_Test"/>
  <testcase name="POTabClick" time="61.889" classname="SpiderG.PurchaseOrder_Test">
    <failure type="org.openqa.selenium.NoSuchElementException" message="An element could not be located on the page using the given search parameters. (WARNING: The server did not provide any stacktrace information)
Command duration or timeout: 60.45 seconds
For documentation on this error, please visit: http://seleniumhq.org/exceptions/no_such_element.html
Build info: version: &amp;apos;unknown&amp;apos;, revision: &amp;apos;unknown&amp;apos;, time: &amp;apos;unknown&amp;apos;
System info: host: &amp;apos;LAPTOP-0MFL2V6R&amp;apos;, ip: &amp;apos;192.168.1.78&amp;apos;, os.name: &amp;apos;Windows 10&amp;apos;, os.arch: &amp;apos;amd64&amp;apos;, os.version: &amp;apos;10.0&amp;apos;, java.version: &amp;apos;1.8.0_131&amp;apos;
Driver info: io.appium.java_client.android.AndroidDriver
Capabilities [{app=C:\Users\rashm\Desktop\version_41.apk, appPackage=com.gladiris.spiderg.android, networkConnectionEnabled=true, warnings={}, app-activity=com.gladiris.spiderg.android.SpiderGIntroActivity, databaseEnabled=false, deviceName=3a213a5, platform=LINUX, desired={app=C:\Users\rashm\Desktop\version_41.apk, appPackage=com.gladiris.spiderg.android, BROWSER_NAME=Android, platformVersion=4.3, app-activity=com.gladiris.spiderg.android.SpiderGIntroActivity, platformName=Android, deviceName=}, platformVersion=4.4.4, BROWSER_NAME=Android, webStorageEnabled=false, locationContextEnabled=false, browserName=Android, takesScreenshot=true, javascriptEnabled=true, platformName=Android}]
Session ID: 2921e459-c5fe-482b-bc1f-952c7c9f7326
*** Element info: {Using=xpath, value=//android.widget.ImageButton[@bounds=&amp;apos;[588,1044][720,1184]&amp;apos;]}">
      <![CDATA[org.openqa.selenium.NoSuchElementException: An element could not be located on the page using the given search parameters. (WARNING: The server did not provide any stacktrace information)
Command duration or timeout: 60.45 seconds
For documentation on this error, please visit: http://seleniumhq.org/exceptions/no_such_element.html
Build info: version: 'unknown', revision: 'unknown', time: 'unknown'
System info: host: 'LAPTOP-0MFL2V6R', ip: '192.168.1.78', os.name: 'Windows 10', os.arch: 'amd64', os.version: '10.0', java.version: '1.8.0_131'
Driver info: io.appium.java_client.android.AndroidDriver
Capabilities [{app=C:\Users\rashm\Desktop\version_41.apk, appPackage=com.gladiris.spiderg.android, networkConnectionEnabled=true, warnings={}, app-activity=com.gladiris.spiderg.android.SpiderGIntroActivity, databaseEnabled=false, deviceName=3a213a5, platform=LINUX, desired={app=C:\Users\rashm\Desktop\version_41.apk, appPackage=com.gladiris.spiderg.android, BROWSER_NAME=Android, platformVersion=4.3, app-activity=com.gladiris.spiderg.android.SpiderGIntroActivity, platformName=Android, deviceName=}, platformVersion=4.4.4, BROWSER_NAME=Android, webStorageEnabled=false, locationContextEnabled=false, browserName=Android, takesScreenshot=true, javascriptEnabled=true, platformName=Android}]
Session ID: 2921e459-c5fe-482b-bc1f-952c7c9f7326
*** Element info: {Using=xpath, value=//android.widget.ImageButton[@bounds='[588,1044][720,1184]']}
	at org.openqa.selenium.remote.ErrorHandler.createThrowable(ErrorHandler.java:215)
	at org.openqa.selenium.remote.ErrorHandler.throwIfResponseFailed(ErrorHandler.java:167)
	at org.openqa.selenium.remote.RemoteWebDriver.execute(RemoteWebDriver.java:671)
	at io.appium.java_client.DefaultGenericMobileDriver.execute(DefaultGenericMobileDriver.java:42)
	at io.appium.java_client.AppiumDriver.execute(AppiumDriver.java:1)
	at io.appium.java_client.android.AndroidDriver.execute(AndroidDriver.java:1)
	at org.openqa.selenium.remote.RemoteWebDriver.findElement(RemoteWebDriver.java:410)
	at io.appium.java_client.DefaultGenericMobileDriver.findElement(DefaultGenericMobileDriver.java:62)
	at io.appium.java_client.AppiumDriver.findElement(AppiumDriver.java:1)
	at io.appium.java_client.android.AndroidDriver.findElement(AndroidDriver.java:1)
	at org.openqa.selenium.remote.RemoteWebDriver.findElementByXPath(RemoteWebDriver.java:509)
	at io.appium.java_client.DefaultGenericMobileDriver.findElementByXPath(DefaultGenericMobileDriver.java:140)
	at io.appium.java_client.AppiumDriver.findElementByXPath(AppiumDriver.java:1)
	at io.appium.java_client.android.AndroidDriver.findElementByXPath(AndroidDriver.java:1)
	at org.openqa.selenium.By$ByXPath.findElement(By.java:361)
	at org.openqa.selenium.remote.RemoteWebDriver.findElement(RemoteWebDriver.java:402)
	at io.appium.java_client.DefaultGenericMobileDriver.findElement(DefaultGenericMobileDriver.java:58)
	at io.appium.java_client.AppiumDriver.findElement(AppiumDriver.java:1)
	at io.appium.java_client.android.AndroidDriver.findElement(AndroidDriver.java:1)
	at SpiderG.PurchaseOrder_Test.POTabClick(PurchaseOrder_Test.java:61)
... Removed 29 stack frames]]>
    </failure>
  </testcase> <!-- POTabClick -->
  <testcase name="@BeforeSuite setUP" time="0.0" classname="SpiderG.Base_Class">
    <ignored/>
  </testcase> <!-- @BeforeSuite setUP -->
  <testcase name="@BeforeSuite setUP" time="0.0" classname="SpiderG.Base_Class">
    <ignored/>
  </testcase> <!-- @BeforeSuite setUP -->
  <testcase name="@BeforeSuite setUP" time="0.0" classname="SpiderG.Base_Class">
    <ignored/>
  </testcase> <!-- @BeforeSuite setUP -->
  <testcase name="@AfterSuite tearDown" time="0.0" classname="SpiderG.Base_Class">
    <ignored/>
  </testcase> <!-- @AfterSuite tearDown -->
  <testcase name="@AfterSuite tearDown" time="0.0" classname="SpiderG.Base_Class">
    <ignored/>
  </testcase> <!-- @AfterSuite tearDown -->
  <testcase name="@AfterSuite tearDown" time="0.0" classname="SpiderG.Base_Class">
    <ignored/>
  </testcase> <!-- @AfterSuite tearDown -->
</testsuite> <!-- First -->
